c:\users\kensyu_2\documents\visual studio 2015\projects\mfcsample\mfcsample\release\mfcsample.pch
c:\users\kensyu_2\documents\visual studio 2015\projects\mfcsample\mfcsample\release\vc140.pdb
c:\users\kensyu_2\documents\visual studio 2015\projects\mfcsample\mfcsample\release\stdafx.obj
c:\users\kensyu_2\documents\visual studio 2015\projects\mfcsample\mfcsample\release\cuserregistwindow.obj
c:\users\kensyu_2\documents\visual studio 2015\projects\mfcsample\mfcsample\release\cuserdata.obj
c:\users\kensyu_2\documents\visual studio 2015\projects\mfcsample\mfcsample\release\cskillwindow.obj
c:\users\kensyu_2\documents\visual studio 2015\projects\mfcsample\mfcsample\release\cskillselectwindow.obj
c:\users\kensyu_2\documents\visual studio 2015\projects\mfcsample\mfcsample\release\cskillregistwindow.obj
c:\users\kensyu_2\documents\visual studio 2015\projects\mfcsample\mfcsample\release\cskilldata.obj
c:\users\kensyu_2\documents\visual studio 2015\projects\mfcsample\mfcsample\release\cprojectsearchdata.obj
c:\users\kensyu_2\documents\visual studio 2015\projects\mfcsample\mfcsample\release\cprojectdata.obj
c:\users\kensyu_2\documents\visual studio 2015\projects\mfcsample\mfcsample\release\cmainwindow.obj
c:\users\kensyu_2\documents\visual studio 2015\projects\mfcsample\mfcsample\release\clogin.obj
c:\users\kensyu_2\documents\visual studio 2015\projects\mfcsample\mfcsample\release\cdbaccess.obj
c:\users\kensyu_2\documents\visual studio 2015\projects\mfcsample\mfcsample\release\ccompanydata.obj
c:\users\kensyu_2\documents\visual studio 2015\projects\mfcsample\mfcsample\release\ccmpwindow.obj
c:\users\kensyu_2\documents\visual studio 2015\projects\mfcsample\mfcsample\release\ccmpnregistwindow.obj
c:\users\kensyu_2\documents\visual studio 2015\projects\mfcsample\mfcsample\release\ccmpdata.obj
c:\users\kensyu_2\documents\visual studio 2015\projects\mfcsample\mfcsample\release\cankensearchwindow.obj
c:\users\kensyu_2\documents\visual studio 2015\projects\mfcsample\mfcsample\release\cankenregistwindow.obj
c:\users\kensyu_2\documents\visual studio 2015\projects\mfcsample\mfcsample\release\cankenreadwindow.obj
c:\users\kensyu_2\documents\visual studio 2015\projects\mfcsample\mfcsample\release\cankenlistwindow.obj
c:\users\kensyu_2\documents\visual studio 2015\projects\mfcsample\mfcsample\release\cankendetailwindow.obj
c:\users\kensyu_2\documents\visual studio 2015\projects\mfcsample\mfcsample\release\mfcsample.obj
c:\users\kensyu_2\documents\visual studio 2015\projects\mfcsample\mfcsample\release\cuserwindow.obj
c:\users\kensyu_2\documents\visual studio 2015\projects\mfcsample\release\案件管理システム.exe
c:\users\kensyu_2\documents\visual studio 2015\projects\mfcsample\release\案件管理システム.ipdb
c:\users\kensyu_2\documents\visual studio 2015\projects\mfcsample\release\案件管理システム.iobj
c:\users\kensyu_2\documents\visual studio 2015\projects\mfcsample\release\mfcsample.pdb
c:\users\kensyu_2\documents\visual studio 2015\projects\mfcsample\mfcsample\release\mfcsample.res
c:\users\kensyu_2\documents\visual studio 2015\projects\mfcsample\mfcsample\release\mfcsample.tlog\cl.command.1.tlog
c:\users\kensyu_2\documents\visual studio 2015\projects\mfcsample\mfcsample\release\mfcsample.tlog\cl.read.1.tlog
c:\users\kensyu_2\documents\visual studio 2015\projects\mfcsample\mfcsample\release\mfcsample.tlog\cl.write.1.tlog
c:\users\kensyu_2\documents\visual studio 2015\projects\mfcsample\mfcsample\release\mfcsample.tlog\link.command.1.tlog
c:\users\kensyu_2\documents\visual studio 2015\projects\mfcsample\mfcsample\release\mfcsample.tlog\link.read.1.tlog
c:\users\kensyu_2\documents\visual studio 2015\projects\mfcsample\mfcsample\release\mfcsample.tlog\link.write.1.tlog
c:\users\kensyu_2\documents\visual studio 2015\projects\mfcsample\mfcsample\release\mfcsample.tlog\rc.command.1.tlog
c:\users\kensyu_2\documents\visual studio 2015\projects\mfcsample\mfcsample\release\mfcsample.tlog\rc.read.1.tlog
c:\users\kensyu_2\documents\visual studio 2015\projects\mfcsample\mfcsample\release\mfcsample.tlog\rc.write.1.tlog
